<?xml version="1.0" encoding="UTF-8"?>
<!-- Generated by org.testng.reporters.JUnitXMLReporter -->
<testsuite ignored="0" hostname="DESKTOP-E83PQSV" failures="0" tests="6" name="Default test" time="56.802" errors="0" timestamp="2024-12-19T05:45:45 GST">
  <testcase classname="testCases.RnC_TestClass" name="testRegister" time="3.644"/>
  <testcase classname="testCases.RnC_TestClass" name="static_ValidLogin" time="3.24"/>
  <testcase classname="testCases.RnC_TestClass" name="addToCart" time="8.893"/>
  <testcase classname="testCases.RnC_TestClass" name="checkOut" time="4.276"/>
  <testcase classname="testCases.RnC_TestClass" name="fbWindowHandle" time="10.125"/>
  <testcase classname="testCases.RnC_TestClass" name="verifyLoginWithValidCredentials" time="17.928"/>
</testsuite> <!-- Default test -->
