<?xml version="1.0" encoding="UTF-8"?>
<!-- Generated by org.testng.reporters.JUnitXMLReporter -->
<testsuite ignored="0" hostname="DESKTOP-E83PQSV" failures="0" tests="6" name="Test" time="60.964" errors="0" timestamp="2024-12-19T05:46:58 GST">
  <testcase classname="testCases.RnC_TestClass" name="testRegister" time="2.664"/>
  <testcase classname="testCases.RnC_TestClass" name="static_ValidLogin" time="2.838"/>
  <testcase classname="testCases.RnC_TestClass" name="addToCart" time="10.567"/>
  <testcase classname="testCases.RnC_TestClass" name="checkOut" time="5.464"/>
  <testcase classname="testCases.RnC_TestClass" name="fbWindowHandle" time="11.01"/>
  <testcase classname="testCases.RnC_TestClass" name="verifyLoginWithValidCredentials" time="19.973"/>
</testsuite> <!-- Test -->
