<?xml version="1.0" encoding="UTF-8"?>
<testng-results ignored="0" total="6" passed="6" failed="0" skipped="0">
  <reporter-output>
  </reporter-output>
  <suite started-at="2024-12-19T05:45:57 GST" name="Suite" finished-at="2024-12-19T05:46:58 GST" duration-ms="60964">
    <groups>
    </groups>
    <test started-at="2024-12-19T05:45:57 GST" name="Test" finished-at="2024-12-19T05:46:58 GST" duration-ms="60964">
      <class name="testCases.RnC_TestClass">
        <test-method is-config="true" signature="setUP()[pri:0, instance:testCases.RnC_TestClass@7a35b0f5]" started-at="2024-12-19T05:45:57 GST" name="setUP" finished-at="2024-12-19T05:46:05 GST" duration-ms="7982" status="PASS">
          <reporter-output>
          </reporter-output>
        </test-method> <!-- setUP -->
        <test-method signature="testRegister()[pri:1, instance:testCases.RnC_TestClass@7a35b0f5]" started-at="2024-12-19T05:46:05 GST" name="testRegister" finished-at="2024-12-19T05:46:08 GST" duration-ms="2664" status="PASS">
          <reporter-output>
          </reporter-output>
        </test-method> <!-- testRegister -->
        <test-method signature="static_ValidLogin()[pri:2, instance:testCases.RnC_TestClass@7a35b0f5]" started-at="2024-12-19T05:46:08 GST" name="static_ValidLogin" finished-at="2024-12-19T05:46:11 GST" duration-ms="2838" status="PASS">
          <reporter-output>
          </reporter-output>
        </test-method> <!-- static_ValidLogin -->
        <test-method signature="addToCart()[pri:3, instance:testCases.RnC_TestClass@7a35b0f5]" started-at="2024-12-19T05:46:11 GST" name="addToCart" finished-at="2024-12-19T05:46:21 GST" duration-ms="10567" status="PASS">
          <reporter-output>
          </reporter-output>
        </test-method> <!-- addToCart -->
        <test-method signature="checkOut()[pri:4, instance:testCases.RnC_TestClass@7a35b0f5]" started-at="2024-12-19T05:46:21 GST" name="checkOut" finished-at="2024-12-19T05:46:27 GST" duration-ms="5464" status="PASS">
          <reporter-output>
          </reporter-output>
        </test-method> <!-- checkOut -->
        <test-method signature="fbWindowHandle()[pri:5, instance:testCases.RnC_TestClass@7a35b0f5]" started-at="2024-12-19T05:46:27 GST" name="fbWindowHandle" finished-at="2024-12-19T05:46:38 GST" duration-ms="11010" status="PASS">
          <reporter-output>
          </reporter-output>
        </test-method> <!-- fbWindowHandle -->
        <test-method signature="verifyLoginWithValidCredentials()[pri:6, instance:testCases.RnC_TestClass@7a35b0f5]" started-at="2024-12-19T05:46:38 GST" name="verifyLoginWithValidCredentials" finished-at="2024-12-19T05:46:58 GST" duration-ms="19973" status="PASS">
          <reporter-output>
          </reporter-output>
        </test-method> <!-- verifyLoginWithValidCredentials -->
        <test-method is-config="true" signature="tearDown()[pri:0, instance:testCases.RnC_TestClass@7a35b0f5]" started-at="2024-12-19T05:46:58 GST" name="tearDown" finished-at="2024-12-19T05:46:58 GST" duration-ms="318" status="PASS">
          <reporter-output>
          </reporter-output>
        </test-method> <!-- tearDown -->
      </class> <!-- testCases.RnC_TestClass -->
    </test> <!-- Test -->
  </suite> <!-- Suite -->
</testng-results>
